Determining if the pthread_create exist failed with the following output:
Change Dir: /home/jackcenter/Documents/Robot_Software_Engineer/Project_1/build/CMakeFiles/CMakeTmp

Run Build Command:"/usr/bin/make" "cmTC_fcac5/fast"
/usr/bin/make -f CMakeFiles/cmTC_fcac5.dir/build.make CMakeFiles/cmTC_fcac5.dir/build
make[1]: Entering directory '/home/jackcenter/Documents/Robot_Software_Engineer/Project_1/build/CMakeFiles/CMakeTmp'
Building C object CMakeFiles/cmTC_fcac5.dir/CheckSymbolExists.c.o
/usr/bin/cc    -o CMakeFiles/cmTC_fcac5.dir/CheckSymbolExists.c.o   -c /home/jackcenter/Documents/Robot_Software_Engineer/Project_1/build/CMakeFiles/CMakeTmp/CheckSymbolExists.c
Linking C executable cmTC_fcac5
/usr/bin/cmake -E cmake_link_script CMakeFiles/cmTC_fcac5.dir/link.txt --verbose=1
/usr/bin/cc      -rdynamic CMakeFiles/cmTC_fcac5.dir/CheckSymbolExists.c.o  -o cmTC_fcac5 
CMakeFiles/cmTC_fcac5.dir/CheckSymbolExists.c.o: In function `main':
CheckSymbolExists.c:(.text+0x1b): undefined reference to `pthread_create'
collect2: error: ld returned 1 exit status
CMakeFiles/cmTC_fcac5.dir/build.make:97: recipe for target 'cmTC_fcac5' failed
make[1]: *** [cmTC_fcac5] Error 1
make[1]: Leaving directory '/home/jackcenter/Documents/Robot_Software_Engineer/Project_1/build/CMakeFiles/CMakeTmp'
Makefile:126: recipe for target 'cmTC_fcac5/fast' failed
make: *** [cmTC_fcac5/fast] Error 2

File /home/jackcenter/Documents/Robot_Software_Engineer/Project_1/build/CMakeFiles/CMakeTmp/CheckSymbolExists.c:
/* */
#include <pthread.h>

int main(int argc, char** argv)
{
  (void)argv;
#ifndef pthread_create
  return ((int*)(&pthread_create))[argc];
#else
  (void)argc;
  return 0;
#endif
}

Determining if the function pthread_create exists in the pthreads failed with the following output:
Change Dir: /home/jackcenter/Documents/Robot_Software_Engineer/Project_1/build/CMakeFiles/CMakeTmp

Run Build Command:"/usr/bin/make" "cmTC_bdb40/fast"
/usr/bin/make -f CMakeFiles/cmTC_bdb40.dir/build.make CMakeFiles/cmTC_bdb40.dir/build
make[1]: Entering directory '/home/jackcenter/Documents/Robot_Software_Engineer/Project_1/build/CMakeFiles/CMakeTmp'
Building C object CMakeFiles/cmTC_bdb40.dir/CheckFunctionExists.c.o
/usr/bin/cc   -DCHECK_FUNCTION_EXISTS=pthread_create   -o CMakeFiles/cmTC_bdb40.dir/CheckFunctionExists.c.o   -c /usr/share/cmake-3.10/Modules/CheckFunctionExists.c
Linking C executable cmTC_bdb40
/usr/bin/cmake -E cmake_link_script CMakeFiles/cmTC_bdb40.dir/link.txt --verbose=1
/usr/bin/cc  -DCHECK_FUNCTION_EXISTS=pthread_create    -rdynamic CMakeFiles/cmTC_bdb40.dir/CheckFunctionExists.c.o  -o cmTC_bdb40 -lpthreads 
/usr/bin/ld: cannot find -lpthreads
collect2: error: ld returned 1 exit status
CMakeFiles/cmTC_bdb40.dir/build.make:97: recipe for target 'cmTC_bdb40' failed
make[1]: *** [cmTC_bdb40] Error 1
make[1]: Leaving directory '/home/jackcenter/Documents/Robot_Software_Engineer/Project_1/build/CMakeFiles/CMakeTmp'
Makefile:126: recipe for target 'cmTC_bdb40/fast' failed
make: *** [cmTC_bdb40/fast] Error 2


